  Using bundled DotNet SDK
  Log file: C:\Users\User\AppData\Local\UnrealBuildTool\Log.txt
  Using 'git status' to determine working set for adaptive non-unity build (E:\UnrealEngine\Unreal projects\MySeventhProject 5.0).
  Building MySeventhProjectEditor...
  Using Visual Studio 2019 14.29.30143 toolchain (C:\Program Files (x86)\Microsoft Visual Studio\2019\Community\VC\Tools\MSVC\14.29.30133) and Windows 10.0.19041.0 SDK (C:\Program Files (x86)\Windows Kits\10).
  [Adaptive Build] Excluded from MySeventhProject unity file: HealthComponent.cpp, LaserProjectile.cpp, MyPlayer.cpp, NewBullet.cpp, Weapon.cpp
  Determining max actions to execute in parallel (8 physical cores, 16 logical cores)
    Executing up to 8 processes, one per physical core
  Building 4 actions with 4 processes...
  [1/4] Compile LaserProjectile.cpp
E:\UnrealEngine\Unreal projects\MySeventhProject 5.0\Source\MySeventhProject\IdleBehaviour.h(21): warning C4265: 'IdleBehaviour': class has virtual functions, but its non-trivial destructor is not virtual; instances of this class may not be destructed correctly
E:\UnrealEngine\Unreal projects\MySeventhProject 5.0\Source\MySeventhProject\LaserProjectile.cpp(90): warning C4996: 'FMath::FRandRange': Arguments cause function resolution ambiguity, expected a floating point type. Please update your code to the new API before upgrading to the next release, otherwise your project will no longer compile.
C:\Program Files (x86)\Microsoft Visual Studio\2019\Community\VC\Tools\MSVC\14.29.30133\INCLUDE\memory(3120): warning C5205: delete of an abstract class 'AIBehaviour' that has a non-virtual destructor results in undefined behavior
  E:\UnrealEngine\Unreal projects\MySeventhProject 5.0\Source\MySeventhProject\MyAIEnemyCharacter.h(18): note: see declaration of 'AIBehaviour'
  C:\Program Files (x86)\Microsoft Visual Studio\2019\Community\VC\Tools\MSVC\14.29.30133\INCLUDE\memory(3118): note: while compiling class template member function 'void std::default_delete<AIBehaviour>::operator ()(_Ty *) noexcept const'
          with
          [
              _Ty=AIBehaviour
          ]
  C:\Program Files (x86)\Microsoft Visual Studio\2019\Community\VC\Tools\MSVC\14.29.30133\INCLUDE\memory(3230): note: see reference to function template instantiation 'void std::default_delete<AIBehaviour>::operator ()(_Ty *) noexcept const' being compiled
          with
          [
              _Ty=AIBehaviour
          ]
  C:\Program Files (x86)\Microsoft Visual Studio\2019\Community\VC\Tools\MSVC\14.29.30133\INCLUDE\memory(3157): note: see reference to class template instantiation 'std::default_delete<AIBehaviour>' being compiled
  E:\UnrealEngine\Unreal projects\MySeventhProject 5.0\Source\MySeventhProject\MyAIEnemyCharacter.h(95): note: see reference to class template instantiation 'std::unique_ptr<AIBehaviour,std::default_delete<AIBehaviour>>' being compiled
  [2/4] Link UnrealEditor-MySeventhProject-0021.lib
     Creating library E:\UnrealEngine\Unreal projects\MySeventhProject 5.0\Intermediate\Build\Win64\UnrealEditor\Development\MySeventhProject\UnrealEditor-MySeventhProject-0021.lib and object E:\UnrealEngine\Unreal projects\MySeventhProject 5.0\Intermediate\Build\Win64\UnrealEditor\Development\MySeventhProject\UnrealEditor-MySeventhProject-0021.exp
  [3/4] Link UnrealEditor-MySeventhProject-0021.dll
     Creating library E:\UnrealEngine\Unreal projects\MySeventhProject 5.0\Intermediate\Build\Win64\UnrealEditor\Development\MySeventhProject\UnrealEditor-MySeventhProject-0021.suppressed.lib and object E:\UnrealEngine\Unreal projects\MySeventhProject 5.0\Intermediate\Build\Win64\UnrealEditor\Development\MySeventhProject\UnrealEditor-MySeventhProject-0021.suppressed.exp
  [4/4] WriteMetadata MySeventhProjectEditor.target
  Total time in Parallel executor: 2,68 seconds
  Total execution time: 3,31 seconds
